   1              		.file	"wifi_module.c"
   2              		.text
   3              		.align	2
   4              		.global	wifiSetWlanPhrase
   6              	wifiSetWlanPhrase:
   7              		@ args = 0, pretend = 0, frame = 0
   8              		@ frame_needed = 0, uses_anonymous_args = 0
   9              		@ link register save eliminated.
  10 0000 1EFF2FE1 		bx	lr
  12              		.align	2
  13              		.global	getStringCommand
  15              	getStringCommand:
  16              		@ args = 0, pretend = 0, frame = 0
  17              		@ frame_needed = 0, uses_anonymous_args = 0
  18              		@ link register save eliminated.
  19 0004 0000A0E3 		mov	r0, #0
  20 0008 1EFF2FE1 		bx	lr
  22              		.align	2
  23              		.global	wifiReceiveExpectedData
  25              	wifiReceiveExpectedData:
  26              		@ args = 0, pretend = 0, frame = 0
  27              		@ frame_needed = 0, uses_anonymous_args = 0
  28 000c 10402DE9 		stmfd	sp!, {r4, lr}
  29 0010 0040A0E1 		mov	r4, r0
  30              	.L6:
  31 0014 0400A0E1 		mov	r0, r4
  32 0018 FA1FA0E3 		mov	r1, #1000
  33 001c FEFFFFEB 		bl	uart1GetChar
  34 0020 000050E3 		cmp	r0, #0
  35 0024 014084E2 		add	r4, r4, #1
  36 0028 F9FFFF1A 		bne	.L6
  37 002c 1080BDE8 		ldmfd	sp!, {r4, pc}
  39              		.align	2
  40              		.global	wifiReceivedFromServer
  42              	wifiReceivedFromServer:
  43              		@ args = 0, pretend = 0, frame = 256
  44              		@ frame_needed = 0, uses_anonymous_args = 0
  45 0030 10402DE9 		stmfd	sp!, {r4, lr}
  46 0034 01DC4DE2 		sub	sp, sp, #256
  47 0038 0D00A0E1 		mov	r0, sp
  48 003c 0010A0E3 		mov	r1, #0
  49 0040 012CA0E3 		mov	r2, #256
  50 0044 FEFFFFEB 		bl	memset
  51 0048 0D00A0E1 		mov	r0, sp
  52 004c 0D40A0E1 		mov	r4, sp
  53 0050 FEFFFFEB 		bl	wifiReceiveExpectedData
  54 0054 01DC8DE2 		add	sp, sp, #256
  55 0058 1080BDE8 		ldmfd	sp!, {r4, pc}
  57              		.align	2
  58              		.global	wifiSendString
  60              	wifiSendString:
  61              		@ args = 0, pretend = 0, frame = 0
  62              		@ frame_needed = 0, uses_anonymous_args = 0
  63 005c 30402DE9 		stmfd	sp!, {r4, r5, lr}
  64 0060 0050A0E1 		mov	r5, r0
  65 0064 0040A0E3 		mov	r4, #0
  66 0068 000000EA 		b	.L12
  67              	.L13:
  68 006c FEFFFFEB 		bl	uart1PutChar
  69              	.L12:
  70 0070 0430D5E7 		ldrb	r3, [r5, r4]	@ zero_extendqisi2
  71 0074 000053E2 		subs	r0, r3, #0
  72 0078 0010E0E3 		mvn	r1, #0
  73 007c 014084E2 		add	r4, r4, #1
  74 0080 F9FFFF1A 		bne	.L13
  75 0084 3080BDE8 		ldmfd	sp!, {r4, r5, pc}
  77              		.section	.rodata.str1.1,"aMS",%progbits,1
  78              	.LC0:
  79 0000 48656C6C 		.ascii	"Hello Thomas Tsang!\012\000"
  79      6F205468 
  79      6F6D6173 
  79      20547361 
  79      6E67210A 
  80              		.text
  81              		.align	2
  82              		.global	wifiSendToServer
  84              	wifiSendToServer:
  85              		@ args = 0, pretend = 0, frame = 0
  86              		@ frame_needed = 0, uses_anonymous_args = 0
  87 0088 04E02DE5 		str	lr, [sp, #-4]!
  88 008c 08009FE5 		ldr	r0, .L17
  89 0090 FEFFFFEB 		bl	wifiSendString
  90 0094 0100A0E3 		mov	r0, #1
  91 0098 04F09DE4 		ldr	pc, [sp], #4
  92              	.L18:
  93              		.align	2
  94              	.L17:
  95 009c 00000000 		.word	.LC0
  97              		.section	.rodata.str1.1
  98              	.LC1:
  99 0015 25730A00 		.ascii	"%s\012\000"
 100              	.LC2:
 101 0019 2A434C4F 		.ascii	"*CLOS*\000"
 101      532A00
 102              	.LC3:
 103 0020 436F6E6E 		.ascii	"Connection Closed!\012\000"
 103      65637469 
 103      6F6E2043 
 103      6C6F7365 
 103      64210A00 
 104              		.text
 105              		.align	2
 106              		.global	wifiCloseTCPConnection
 108              	wifiCloseTCPConnection:
 109              		@ args = 0, pretend = 0, frame = 256
 110              		@ frame_needed = 0, uses_anonymous_args = 0
 111 00a0 10402DE9 		stmfd	sp!, {r4, lr}
 112 00a4 01DC4DE2 		sub	sp, sp, #256
 113 00a8 0D40A0E1 		mov	r4, sp
 114              	.L20:
 115 00ac 012CA0E3 		mov	r2, #256
 116 00b0 0010A0E3 		mov	r1, #0
 117 00b4 0D00A0E1 		mov	r0, sp
 118 00b8 FEFFFFEB 		bl	memset
 119 00bc 50009FE5 		ldr	r0, .L23
 120 00c0 FEFFFFEB 		bl	wifiSendString
 121 00c4 4C009FE5 		ldr	r0, .L23+4
 122 00c8 FEFFFFEB 		bl	wifiSendString
 123 00cc 0D00A0E1 		mov	r0, sp
 124 00d0 FEFFFFEB 		bl	wifiReceiveExpectedData
 125 00d4 0D10A0E1 		mov	r1, sp
 126 00d8 3C009FE5 		ldr	r0, .L23+8
 127 00dc FEFFFFEB 		bl	rprintf
 128 00e0 0D00A0E1 		mov	r0, sp
 129 00e4 34109FE5 		ldr	r1, .L23+12
 130 00e8 FEFFFFEB 		bl	strstr
 131 00ec 000050E3 		cmp	r0, #0
 132 00f0 EDFFFF0A 		beq	.L20
 133 00f4 28009FE5 		ldr	r0, .L23+16
 134 00f8 FEFFFFEB 		bl	rprintf
 135 00fc 24309FE5 		ldr	r3, .L23+20
 136 0100 003093E5 		ldr	r3, [r3, #0]
 137 0104 0000D3E5 		ldrb	r0, [r3, #0]	@ zero_extendqisi2
 138 0108 0000E0E1 		mvn	r0, r0
 139 010c 01DC8DE2 		add	sp, sp, #256
 140 0110 1080BDE8 		ldmfd	sp!, {r4, pc}
 141              	.L24:
 142              		.align	2
 143              	.L23:
 144 0114 00000000 		.word	closeConnectionopCode
 145 0118 00000000 		.word	enterOpCode
 146 011c 15000000 		.word	.LC1
 147 0120 19000000 		.word	.LC2
 148 0124 20000000 		.word	.LC3
 149 0128 00000000 		.word	this
 151              		.section	.rodata.str1.1
 152              	.LC4:
 153 0034 2A4F5045 		.ascii	"*OPEN*\000"
 153      4E2A00
 154              	.LC5:
 155 003b 436F6E6E 		.ascii	"Connection opened!\012\000"
 155      65637469 
 155      6F6E206F 
 155      70656E65 
 155      64210A00 
 156              		.text
 157              		.align	2
 158              		.global	wifiOpenTCPConnection
 160              	wifiOpenTCPConnection:
 161              		@ args = 0, pretend = 0, frame = 256
 162              		@ frame_needed = 0, uses_anonymous_args = 0
 163 012c 10402DE9 		stmfd	sp!, {r4, lr}
 164 0130 01DC4DE2 		sub	sp, sp, #256
 165 0134 0D40A0E1 		mov	r4, sp
 166              	.L26:
 167 0138 012CA0E3 		mov	r2, #256
 168 013c 0010A0E3 		mov	r1, #0
 169 0140 0D00A0E1 		mov	r0, sp
 170 0144 FEFFFFEB 		bl	memset
 171 0148 50009FE5 		ldr	r0, .L29
 172 014c FEFFFFEB 		bl	wifiSendString
 173 0150 4C009FE5 		ldr	r0, .L29+4
 174 0154 FEFFFFEB 		bl	wifiSendString
 175 0158 0D00A0E1 		mov	r0, sp
 176 015c FEFFFFEB 		bl	wifiReceiveExpectedData
 177 0160 0D10A0E1 		mov	r1, sp
 178 0164 3C009FE5 		ldr	r0, .L29+8
 179 0168 FEFFFFEB 		bl	rprintf
 180 016c 0D00A0E1 		mov	r0, sp
 181 0170 34109FE5 		ldr	r1, .L29+12
 182 0174 FEFFFFEB 		bl	strstr
 183 0178 000050E3 		cmp	r0, #0
 184 017c EDFFFF0A 		beq	.L26
 185 0180 28009FE5 		ldr	r0, .L29+16
 186 0184 FEFFFFEB 		bl	rprintf
 187 0188 24309FE5 		ldr	r3, .L29+20
 188 018c 003093E5 		ldr	r3, [r3, #0]
 189 0190 0000D3E5 		ldrb	r0, [r3, #0]	@ zero_extendqisi2
 190 0194 0000E0E1 		mvn	r0, r0
 191 0198 01DC8DE2 		add	sp, sp, #256
 192 019c 1080BDE8 		ldmfd	sp!, {r4, pc}
 193              	.L30:
 194              		.align	2
 195              	.L29:
 196 01a0 00000000 		.word	serverIPAddress
 197 01a4 00000000 		.word	enterOpCode
 198 01a8 15000000 		.word	.LC1
 199 01ac 34000000 		.word	.LC4
 200 01b0 3B000000 		.word	.LC5
 201 01b4 00000000 		.word	this
 203              		.section	.rodata.str1.1
 204              	.LC6:
 205 004f 4173736F 		.ascii	"Associated!\000"
 205      63696174 
 205      65642100 
 206              	.LC7:
 207 005b 4A6F696E 		.ascii	"Joined Wireless Network!\012\000"
 207      65642057 
 207      6972656C 
 207      65737320 
 207      4E657477 
 208              		.text
 209              		.align	2
 210              		.global	wifiJoinSSID
 212              	wifiJoinSSID:
 213              		@ args = 0, pretend = 0, frame = 256
 214              		@ frame_needed = 0, uses_anonymous_args = 0
 215 01b8 10402DE9 		stmfd	sp!, {r4, lr}
 216 01bc 01DC4DE2 		sub	sp, sp, #256
 217 01c0 0D40A0E1 		mov	r4, sp
 218              	.L32:
 219 01c4 012CA0E3 		mov	r2, #256
 220 01c8 0010A0E3 		mov	r1, #0
 221 01cc 0D00A0E1 		mov	r0, sp
 222 01d0 FEFFFFEB 		bl	memset
 223 01d4 50009FE5 		ldr	r0, .L35
 224 01d8 FEFFFFEB 		bl	wifiSendString
 225 01dc 4C009FE5 		ldr	r0, .L35+4
 226 01e0 FEFFFFEB 		bl	wifiSendString
 227 01e4 0D00A0E1 		mov	r0, sp
 228 01e8 FEFFFFEB 		bl	wifiReceiveExpectedData
 229 01ec 0D10A0E1 		mov	r1, sp
 230 01f0 3C009FE5 		ldr	r0, .L35+8
 231 01f4 FEFFFFEB 		bl	rprintf
 232 01f8 0D00A0E1 		mov	r0, sp
 233 01fc 34109FE5 		ldr	r1, .L35+12
 234 0200 FEFFFFEB 		bl	strstr
 235 0204 000050E3 		cmp	r0, #0
 236 0208 EDFFFF0A 		beq	.L32
 237 020c 28009FE5 		ldr	r0, .L35+16
 238 0210 FEFFFFEB 		bl	rprintf
 239 0214 24309FE5 		ldr	r3, .L35+20
 240 0218 003093E5 		ldr	r3, [r3, #0]
 241 021c 0000D3E5 		ldrb	r0, [r3, #0]	@ zero_extendqisi2
 242 0220 0000E0E1 		mvn	r0, r0
 243 0224 01DC8DE2 		add	sp, sp, #256
 244 0228 1080BDE8 		ldmfd	sp!, {r4, pc}
 245              	.L36:
 246              		.align	2
 247              	.L35:
 248 022c 00000000 		.word	wifiSSID
 249 0230 00000000 		.word	enterOpCode
 250 0234 15000000 		.word	.LC1
 251 0238 4F000000 		.word	.LC6
 252 023c 5B000000 		.word	.LC7
 253 0240 00000000 		.word	this
 255              		.section	.rodata.str1.1
 256              	.LC8:
 257 0075 45584954 		.ascii	"EXIT\000"
 257      00
 258              		.text
 259              		.align	2
 260              		.global	wifiExitCommandMode
 262              	wifiExitCommandMode:
 263              		@ args = 0, pretend = 0, frame = 128
 264              		@ frame_needed = 0, uses_anonymous_args = 0
 265 0244 10402DE9 		stmfd	sp!, {r4, lr}
 266 0248 80D04DE2 		sub	sp, sp, #128
 267 024c 0D40A0E1 		mov	r4, sp
 268              	.L38:
 269 0250 8020A0E3 		mov	r2, #128
 270 0254 0010A0E3 		mov	r1, #0
 271 0258 0D00A0E1 		mov	r0, sp
 272 025c FEFFFFEB 		bl	memset
 273 0260 48009FE5 		ldr	r0, .L41
 274 0264 FEFFFFEB 		bl	wifiSendString
 275 0268 44009FE5 		ldr	r0, .L41+4
 276 026c FEFFFFEB 		bl	wifiSendString
 277 0270 0D00A0E1 		mov	r0, sp
 278 0274 FEFFFFEB 		bl	wifiReceiveExpectedData
 279 0278 0D10A0E1 		mov	r1, sp
 280 027c 34009FE5 		ldr	r0, .L41+8
 281 0280 FEFFFFEB 		bl	rprintf
 282 0284 0D00A0E1 		mov	r0, sp
 283 0288 2C109FE5 		ldr	r1, .L41+12
 284 028c FEFFFFEB 		bl	strstr
 285 0290 000050E3 		cmp	r0, #0
 286 0294 EDFFFF0A 		beq	.L38
 287 0298 20309FE5 		ldr	r3, .L41+16
 288 029c 003093E5 		ldr	r3, [r3, #0]
 289 02a0 0000D3E5 		ldrb	r0, [r3, #0]	@ zero_extendqisi2
 290 02a4 0000E0E1 		mvn	r0, r0
 291 02a8 80D08DE2 		add	sp, sp, #128
 292 02ac 1080BDE8 		ldmfd	sp!, {r4, pc}
 293              	.L42:
 294              		.align	2
 295              	.L41:
 296 02b0 00000000 		.word	exitOpCode
 297 02b4 00000000 		.word	enterOpCode
 298 02b8 15000000 		.word	.LC1
 299 02bc 75000000 		.word	.LC8
 300 02c0 00000000 		.word	this
 302              		.section	.rodata.str1.1
 303              	.LC9:
 304 007a 434D4400 		.ascii	"CMD\000"
 305              		.text
 306              		.align	2
 307              		.global	wifiEnterCommandMode
 309              	wifiEnterCommandMode:
 310              		@ args = 0, pretend = 0, frame = 128
 311              		@ frame_needed = 0, uses_anonymous_args = 0
 312 02c4 10402DE9 		stmfd	sp!, {r4, lr}
 313 02c8 80D04DE2 		sub	sp, sp, #128
 314 02cc 8020A0E3 		mov	r2, #128
 315 02d0 0010A0E3 		mov	r1, #0
 316 02d4 0D00A0E1 		mov	r0, sp
 317 02d8 FEFFFFEB 		bl	memset
 318 02dc 48009FE5 		ldr	r0, .L47
 319 02e0 FEFFFFEB 		bl	wifiSendString
 320 02e4 0D00A0E1 		mov	r0, sp
 321 02e8 FEFFFFEB 		bl	wifiReceiveExpectedData
 322 02ec 0D10A0E1 		mov	r1, sp
 323 02f0 38009FE5 		ldr	r0, .L47+4
 324 02f4 FEFFFFEB 		bl	rprintf
 325 02f8 0D00A0E1 		mov	r0, sp
 326 02fc 30109FE5 		ldr	r1, .L47+8
 327 0300 FEFFFFEB 		bl	strstr
 328 0304 2C309FE5 		ldr	r3, .L47+12
 329 0308 000050E3 		cmp	r0, #0
 330 030c 00309315 		ldrne	r3, [r3, #0]
 331 0310 00309305 		ldreq	r3, [r3, #0]
 332 0314 0030D315 		ldrneb	r3, [r3, #0]	@ zero_extendqisi2
 333 0318 0D40A0E1 		mov	r4, sp
 334 031c 0300E011 		mvnne	r0, r3
 335 0320 0000D305 		ldreqb	r0, [r3, #0]	@ zero_extendqisi2
 336 0324 80D08DE2 		add	sp, sp, #128
 337 0328 1080BDE8 		ldmfd	sp!, {r4, pc}
 338              	.L48:
 339              		.align	2
 340              	.L47:
 341 032c 00000000 		.word	commandOpCode
 342 0330 15000000 		.word	.LC1
 343 0334 7A000000 		.word	.LC9
 344 0338 00000000 		.word	this
 346              		.section	.rodata.str1.1
 347              	.LC10:
 348 007e 456E7465 		.ascii	"Entered Command Mode!\012\000"
 348      72656420 
 348      436F6D6D 
 348      616E6420 
 348      4D6F6465 
 349              	.LC11:
 350 0095 4661696C 		.ascii	"Fail to Entered Command Mode!\012\000"
 350      20746F20 
 350      456E7465 
 350      72656420 
 350      436F6D6D 
 351              	.LC12:
 352 00b4 45786974 		.ascii	"Exit Command Mode!\012\000"
 352      20436F6D 
 352      6D616E64 
 352      204D6F64 
 352      65210A00 
 353              	.LC13:
 354 00c8 4661696C 		.ascii	"Fail to Exit Command Mode!\012\000"
 354      20746F20 
 354      45786974 
 354      20436F6D 
 354      6D616E64 
 355              		.text
 356              		.align	2
 357              		.global	wifiBegin
 359              	wifiBegin:
 360              		@ args = 0, pretend = 0, frame = 0
 361              		@ frame_needed = 0, uses_anonymous_args = 0
 362 033c 04E02DE5 		str	lr, [sp, #-4]!
 363 0340 FEFFFFEB 		bl	wifiEnterCommandMode
 364 0344 000050E3 		cmp	r0, #0
 365 0348 0600000A 		beq	.L50
 366 034c 54009FE5 		ldr	r0, .L55
 367 0350 FEFFFFEB 		bl	rprintf
 368 0354 50309FE5 		ldr	r3, .L55+4
 369 0358 003093E5 		ldr	r3, [r3, #0]
 370 035c 0030D3E5 		ldrb	r3, [r3, #0]	@ zero_extendqisi2
 371 0360 0300E0E1 		mvn	r0, r3
 372 0364 04F09DE4 		ldr	pc, [sp], #4
 373              	.L50:
 374 0368 40009FE5 		ldr	r0, .L55+8
 375 036c FEFFFFEB 		bl	rprintf
 376 0370 FEFFFFEB 		bl	wifiExitCommandMode
 377 0374 000050E3 		cmp	r0, #0
 378 0378 0300000A 		beq	.L52
 379 037c 30009FE5 		ldr	r0, .L55+12
 380 0380 FEFFFFEB 		bl	rprintf
 381 0384 FEFFFFEB 		bl	wifiEnterCommandMode
 382 0388 010000EA 		b	.L53
 383              	.L52:
 384 038c 24009FE5 		ldr	r0, .L55+16
 385 0390 FEFFFFEB 		bl	rprintf
 386              	.L53:
 387 0394 10309FE5 		ldr	r3, .L55+4
 388 0398 003093E5 		ldr	r3, [r3, #0]
 389 039c 0030D3E5 		ldrb	r3, [r3, #0]	@ zero_extendqisi2
 390 03a0 0300E0E1 		mvn	r0, r3
 391 03a4 04F09DE4 		ldr	pc, [sp], #4
 392              	.L56:
 393              		.align	2
 394              	.L55:
 395 03a8 7E000000 		.word	.LC10
 396 03ac 00000000 		.word	this
 397 03b0 95000000 		.word	.LC11
 398 03b4 B4000000 		.word	.LC12
 399 03b8 C8000000 		.word	.LC13
 401              		.global	commandOpCode
 402              		.section	.rodata
 405              	commandOpCode:
 406 0000 24242400 		.ascii	"$$$\000"
 407              		.global	exitOpCode
 410              	exitOpCode:
 411 0004 65786974 		.ascii	"exit\000"
 411      00
 412              		.global	closeConnectionopCode
 415              	closeConnectionopCode:
 416 0009 636C6F73 		.ascii	"close\000"
 416      6500
 417              		.global	wifiSSID
 420              	wifiSSID:
 421 000f 6A6F696E 		.ascii	"join Tomato\000"
 421      20546F6D 
 421      61746F00 
 422              		.global	serverIPAddress
 425              	serverIPAddress:
 426 001b 6F70656E 		.ascii	"open 192.168.0.130 2222\000"
 426      20313932 
 426      2E313638 
 426      2E302E31 
 426      33302032 
 427              		.global	setWlanPhrase
 430              	setWlanPhrase:
 431 0033 31323361 		.ascii	"123abc456def\000"
 431      62633435 
 431      36646566 
 431      00
 432              		.global	enterOpCode
 435              	enterOpCode:
 436 0040 0D00     		.ascii	"\015\000"
 437              		.global	this
 438              		.bss
 439              		.align	2
 442              	this:
 443 0000 00000000 		.space	4
 444              		.ident	"GCC: (GNU) 4.3.2"
DEFINED SYMBOLS
                            *ABS*:00000000 wifi_module.c
/cygdrive/c/Users/User/AppData/Local/Temp/ccOntWLd.s:6      .text:00000000 wifiSetWlanPhrase
/cygdrive/c/Users/User/AppData/Local/Temp/ccOntWLd.s:10     .text:00000000 $a
/cygdrive/c/Users/User/AppData/Local/Temp/ccOntWLd.s:15     .text:00000004 getStringCommand
/cygdrive/c/Users/User/AppData/Local/Temp/ccOntWLd.s:25     .text:0000000c wifiReceiveExpectedData
/cygdrive/c/Users/User/AppData/Local/Temp/ccOntWLd.s:42     .text:00000030 wifiReceivedFromServer
/cygdrive/c/Users/User/AppData/Local/Temp/ccOntWLd.s:60     .text:0000005c wifiSendString
/cygdrive/c/Users/User/AppData/Local/Temp/ccOntWLd.s:84     .text:00000088 wifiSendToServer
/cygdrive/c/Users/User/AppData/Local/Temp/ccOntWLd.s:95     .text:0000009c $d
/cygdrive/c/Users/User/AppData/Local/Temp/ccOntWLd.s:108    .text:000000a0 wifiCloseTCPConnection
/cygdrive/c/Users/User/AppData/Local/Temp/ccOntWLd.s:111    .text:000000a0 $a
/cygdrive/c/Users/User/AppData/Local/Temp/ccOntWLd.s:144    .text:00000114 $d
/cygdrive/c/Users/User/AppData/Local/Temp/ccOntWLd.s:415    .rodata:00000009 closeConnectionopCode
/cygdrive/c/Users/User/AppData/Local/Temp/ccOntWLd.s:435    .rodata:00000040 enterOpCode
/cygdrive/c/Users/User/AppData/Local/Temp/ccOntWLd.s:442    .bss:00000000 this
/cygdrive/c/Users/User/AppData/Local/Temp/ccOntWLd.s:160    .text:0000012c wifiOpenTCPConnection
/cygdrive/c/Users/User/AppData/Local/Temp/ccOntWLd.s:163    .text:0000012c $a
/cygdrive/c/Users/User/AppData/Local/Temp/ccOntWLd.s:196    .text:000001a0 $d
/cygdrive/c/Users/User/AppData/Local/Temp/ccOntWLd.s:425    .rodata:0000001b serverIPAddress
/cygdrive/c/Users/User/AppData/Local/Temp/ccOntWLd.s:212    .text:000001b8 wifiJoinSSID
/cygdrive/c/Users/User/AppData/Local/Temp/ccOntWLd.s:215    .text:000001b8 $a
/cygdrive/c/Users/User/AppData/Local/Temp/ccOntWLd.s:248    .text:0000022c $d
/cygdrive/c/Users/User/AppData/Local/Temp/ccOntWLd.s:420    .rodata:0000000f wifiSSID
/cygdrive/c/Users/User/AppData/Local/Temp/ccOntWLd.s:262    .text:00000244 wifiExitCommandMode
/cygdrive/c/Users/User/AppData/Local/Temp/ccOntWLd.s:265    .text:00000244 $a
/cygdrive/c/Users/User/AppData/Local/Temp/ccOntWLd.s:296    .text:000002b0 $d
/cygdrive/c/Users/User/AppData/Local/Temp/ccOntWLd.s:410    .rodata:00000004 exitOpCode
/cygdrive/c/Users/User/AppData/Local/Temp/ccOntWLd.s:309    .text:000002c4 wifiEnterCommandMode
/cygdrive/c/Users/User/AppData/Local/Temp/ccOntWLd.s:312    .text:000002c4 $a
/cygdrive/c/Users/User/AppData/Local/Temp/ccOntWLd.s:341    .text:0000032c $d
/cygdrive/c/Users/User/AppData/Local/Temp/ccOntWLd.s:405    .rodata:00000000 commandOpCode
/cygdrive/c/Users/User/AppData/Local/Temp/ccOntWLd.s:359    .text:0000033c wifiBegin
/cygdrive/c/Users/User/AppData/Local/Temp/ccOntWLd.s:362    .text:0000033c $a
/cygdrive/c/Users/User/AppData/Local/Temp/ccOntWLd.s:395    .text:000003a8 $d
/cygdrive/c/Users/User/AppData/Local/Temp/ccOntWLd.s:430    .rodata:00000033 setWlanPhrase
                             .bss:00000000 $d

UNDEFINED SYMBOLS
uart1GetChar
memset
uart1PutChar
rprintf
strstr
