   1              		.file	"read_id3.c"
   2              		.section	.rodata.str1.1,"aMS",%progbits,1
   3              	.LC0:
   4 0000 54495432 		.ascii	"TIT2TALBTPE1TRCKTYERTLEN\000"
   4      54414C42 
   4      54504531 
   4      5452434B 
   4      54594552 
   5              	.LC1:
   6 0019 54543220 		.ascii	"TT2 TAL TP1 TRK TYE TLE \000"
   6      54414C20 
   6      54503120 
   6      54524B20 
   6      54594520 
   7              		.text
   8              		.align	2
   9              		.global	read_ID3_info
  11              	read_ID3_info:
  12              		@ args = 0, pretend = 0, frame = 100
  13              		@ frame_needed = 0, uses_anonymous_args = 0
  14 0000 F04F2DE9 		stmfd	sp!, {r4, r5, r6, r7, r8, r9, sl, fp, lr}
  15 0004 64D04DE2 		sub	sp, sp, #100
  16 0008 27808DE2 		add	r8, sp, #39
  17 000c 00C0A0E1 		mov	ip, r0
  18 0010 00208DE5 		str	r2, [sp, #0]
  19 0014 01A0A0E1 		mov	sl, r1
  20 0018 1920A0E3 		mov	r2, #25
  21 001c C4129FE5 		ldr	r1, .L23
  22 0020 0800A0E1 		mov	r0, r8
  23 0024 0E608DE2 		add	r6, sp, #14
  24 0028 0370A0E1 		mov	r7, r3
  25 002c FF500CE2 		and	r5, ip, #255
  26 0030 0040A0E3 		mov	r4, #0
  27 0034 FEFFFFEB 		bl	memcpy
  28 0038 1920A0E3 		mov	r2, #25
  29 003c A8129FE5 		ldr	r1, .L23+4
  30 0040 0600A0E1 		mov	r0, r6
  31 0044 FEFFFFEB 		bl	memcpy
  32 0048 0410A0E1 		mov	r1, r4
  33 004c 0700A0E1 		mov	r0, r7
  34 0050 5C408DE5 		str	r4, [sp, #92]
  35 0054 FEFFFFEB 		bl	f_lseek
  36 0058 5C308DE2 		add	r3, sp, #92
  37 005c 0700A0E1 		mov	r0, r7
  38 0060 4A108DE2 		add	r1, sp, #74
  39 0064 0A20A0E3 		mov	r2, #10
  40 0068 FEFFFFEB 		bl	f_read
  41 006c 4A30DDE5 		ldrb	r3, [sp, #74]	@ zero_extendqisi2
  42 0070 490053E3 		cmp	r3, #73
  43 0074 9600001A 		bne	.L2
  44 0078 4B30DDE5 		ldrb	r3, [sp, #75]	@ zero_extendqisi2
  45 007c 440053E3 		cmp	r3, #68
  46 0080 9300001A 		bne	.L2
  47 0084 4C30DDE5 		ldrb	r3, [sp, #76]	@ zero_extendqisi2
  48 0088 330053E3 		cmp	r3, #51
  49 008c 9000001A 		bne	.L2
  50 0090 4D30DDE5 		ldrb	r3, [sp, #77]	@ zero_extendqisi2
  51 0094 030053E3 		cmp	r3, #3
  52 0098 8D00008A 		bhi	.L2
  53 009c 5130DDE5 		ldrb	r3, [sp, #81]	@ zero_extendqisi2
  54 00a0 5220DDE5 		ldrb	r2, [sp, #82]	@ zero_extendqisi2
  55 00a4 0337A0E1 		mov	r3, r3, asl #14
  56 00a8 5310DDE5 		ldrb	r1, [sp, #83]	@ zero_extendqisi2
  57 00ac 823383E1 		orr	r3, r3, r2, asl #7
  58 00b0 5000DDE5 		ldrb	r0, [sp, #80]	@ zero_extendqisi2
  59 00b4 0521A0E1 		mov	r2, r5, asl #2
  60 00b8 013083E1 		orr	r3, r3, r1
  61 00bc 026086E0 		add	r6, r6, r2
  62 00c0 028088E0 		add	r8, r8, r2
  63 00c4 005E83E1 		orr	r5, r3, r0, asl #28
  64 00c8 08608DE5 		str	r6, [sp, #8]
  65 00cc 04808DE5 		str	r8, [sp, #4]
  66 00d0 1E4084E2 		add	r4, r4, #30
  67 00d4 40908DE2 		add	r9, sp, #64
  68 00d8 780000EA 		b	.L3
  69              	.L19:
  70 00dc 4D20DDE5 		ldrb	r2, [sp, #77]	@ zero_extendqisi2
  71 00e0 030052E3 		cmp	r2, #3
  72 00e4 0A20A003 		moveq	r2, #10
  73 00e8 0620A013 		movne	r2, #6
  74 00ec 0910A0E1 		mov	r1, r9
  75 00f0 00C0A0E3 		mov	ip, #0
  76 00f4 0700A0E1 		mov	r0, r7
  77 00f8 58308DE2 		add	r3, sp, #88
  78 00fc 58C08DE5 		str	ip, [sp, #88]
  79 0100 FEFFFFEB 		bl	f_read
  80 0104 4D10DDE5 		ldrb	r1, [sp, #77]	@ zero_extendqisi2
  81 0108 030051E3 		cmp	r1, #3
  82 010c 0400A003 		moveq	r0, #4
  83 0110 0300A013 		movne	r0, #3
  84 0114 58B09DE5 		ldr	fp, [sp, #88]
  85 0118 0020A0E3 		mov	r2, #0
  86 011c 040000EA 		b	.L8
  87              	.L9:
  88 0120 0230D9E7 		ldrb	r3, [r9, r2]	@ zero_extendqisi2
  89 0124 303043E2 		sub	r3, r3, #48
  90 0128 2A0053E3 		cmp	r3, #42
  91 012c 6800008A 		bhi	.L2
  92 0130 012082E2 		add	r2, r2, #1
  93              	.L8:
  94 0134 000052E1 		cmp	r2, r0
  95 0138 F8FFFF3A 		bcc	.L9
  96 013c 030051E3 		cmp	r1, #3
  97 0140 4510DDE5 		ldrb	r1, [sp, #69]	@ zero_extendqisi2
  98 0144 0600001A 		bne	.L10
  99 0148 4630DDE5 		ldrb	r3, [sp, #70]	@ zero_extendqisi2
 100 014c 0128A0E1 		mov	r2, r1, asl #16
 101 0150 4710DDE5 		ldrb	r1, [sp, #71]	@ zero_extendqisi2
 102 0154 032482E1 		orr	r2, r2, r3, asl #8
 103 0158 016082E1 		orr	r6, r2, r1
 104 015c 04109DE5 		ldr	r1, [sp, #4]
 105 0160 050000EA 		b	.L11
 106              	.L10:
 107 0164 4330DDE5 		ldrb	r3, [sp, #67]	@ zero_extendqisi2
 108 0168 4420DDE5 		ldrb	r2, [sp, #68]	@ zero_extendqisi2
 109 016c 0338A0E1 		mov	r3, r3, asl #16
 110 0170 023483E1 		orr	r3, r3, r2, asl #8
 111 0174 016083E1 		orr	r6, r3, r1
 112 0178 08109DE5 		ldr	r1, [sp, #8]
 113              	.L11:
 114 017c 0020A0E1 		mov	r2, r0
 115 0180 0900A0E1 		mov	r0, r9
 116 0184 FEFFFFEB 		bl	strncmp
 117 0188 008050E2 		subs	r8, r0, #0
 118 018c 081097E5 		ldr	r1, [r7, #8]
 119 0190 4400001A 		bne	.L12
 120 0194 00509DE5 		ldr	r5, [sp, #0]
 121 0198 011081E2 		add	r1, r1, #1
 122 019c 050056E1 		cmp	r6, r5
 123 01a0 0650A031 		movcc	r5, r6
 124 01a4 0700A0E1 		mov	r0, r7
 125 01a8 FEFFFFEB 		bl	f_lseek
 126 01ac 010055E3 		cmp	r5, #1
 127 01b0 3400009A 		bls	.L13
 128 01b4 64308DE2 		add	r3, sp, #100
 129 01b8 108023E5 		str	r8, [r3, #-16]!
 130 01bc 0A10A0E1 		mov	r1, sl
 131 01c0 0220A0E3 		mov	r2, #2
 132 01c4 61408DE2 		add	r4, sp, #97
 133 01c8 0700A0E1 		mov	r0, r7
 134 01cc FEFFFFEB 		bl	f_read
 135 01d0 0810A0E1 		mov	r1, r8
 136 01d4 0320A0E3 		mov	r2, #3
 137 01d8 0400A0E1 		mov	r0, r4
 138 01dc FEFFFFEB 		bl	memset
 139 01e0 0030E0E3 		mvn	r3, #0
 140 01e4 6130CDE5 		strb	r3, [sp, #97]
 141 01e8 0130E0E3 		mvn	r3, #1
 142 01ec 6230CDE5 		strb	r3, [sp, #98]
 143 01f0 0400A0E1 		mov	r0, r4
 144 01f4 0A10A0E1 		mov	r1, sl
 145 01f8 0220A0E3 		mov	r2, #2
 146 01fc FEFFFFEB 		bl	strncmp
 147 0200 000050E3 		cmp	r0, #0
 148 0204 1B00001A 		bne	.L14
 149 0208 00209DE5 		ldr	r2, [sp, #0]
 150 020c 033046E2 		sub	r3, r6, #3
 151 0210 A350A0E1 		mov	r5, r3, lsr #1
 152 0214 013042E2 		sub	r3, r2, #1
 153 0218 030055E1 		cmp	r5, r3
 154 021c 0350A021 		movcs	r5, r3
 155 0220 0040A0E1 		mov	r4, r0
 156 0224 58808DE2 		add	r8, sp, #88
 157 0228 5F60A0E3 		mov	r6, #95
 158              	.L16:
 159 022c 04108AE0 		add	r1, sl, r4
 160 0230 0830A0E1 		mov	r3, r8
 161 0234 0120A0E3 		mov	r2, #1
 162 0238 0700A0E1 		mov	r0, r7
 163 023c FEFFFFEB 		bl	f_read
 164 0240 081097E5 		ldr	r1, [r7, #8]
 165 0244 0700A0E1 		mov	r0, r7
 166 0248 011081E2 		add	r1, r1, #1
 167 024c FEFFFFEB 		bl	f_lseek
 168 0250 0430DAE7 		ldrb	r3, [sl, r4]	@ zero_extendqisi2
 169 0254 203043E2 		sub	r3, r3, #32
 170 0258 5E0053E3 		cmp	r3, #94
 171 025c 0460CA87 		strhib	r6, [sl, r4]
 172 0260 014084E2 		add	r4, r4, #1
 173 0264 050054E1 		cmp	r4, r5
 174 0268 EFFFFF9A 		bls	.L16
 175 026c 0030A0E3 		mov	r3, #0
 176 0270 0530CAE7 		strb	r3, [sl, r5]
 177 0274 180000EA 		b	.L18
 178              	.L14:
 179 0278 0700A0E1 		mov	r0, r7
 180 027c 02108AE2 		add	r1, sl, #2
 181 0280 032045E2 		sub	r2, r5, #3
 182 0284 020000EA 		b	.L22
 183              	.L13:
 184 0288 0700A0E1 		mov	r0, r7
 185 028c 0A10A0E1 		mov	r1, sl
 186 0290 0520A0E1 		mov	r2, r5
 187              	.L22:
 188 0294 58308DE2 		add	r3, sp, #88
 189 0298 FEFFFFEB 		bl	f_read
 190 029c 05308AE0 		add	r3, sl, r5
 191 02a0 018043E5 		strb	r8, [r3, #-1]
 192 02a4 0C0000EA 		b	.L18
 193              	.L12:
 194 02a8 011086E0 		add	r1, r6, r1
 195 02ac 0700A0E1 		mov	r0, r7
 196 02b0 FEFFFFEB 		bl	f_lseek
 197 02b4 05306BE0 		rsb	r3, fp, r5
 198 02b8 035066E0 		rsb	r5, r6, r3
 199 02bc 014044E2 		sub	r4, r4, #1
 200              	.L3:
 201 02c0 000055E3 		cmp	r5, #0
 202 02c4 0400000A 		beq	.L18
 203 02c8 000054E3 		cmp	r4, #0
 204 02cc 82FFFF1A 		bne	.L19
 205 02d0 010000EA 		b	.L18
 206              	.L2:
 207 02d4 0000A0E3 		mov	r0, #0
 208 02d8 000000EA 		b	.L17
 209              	.L18:
 210 02dc 0100A0E3 		mov	r0, #1
 211              	.L17:
 212 02e0 64D08DE2 		add	sp, sp, #100
 213 02e4 F08FBDE8 		ldmfd	sp!, {r4, r5, r6, r7, r8, r9, sl, fp, pc}
 214              	.L24:
 215              		.align	2
 216              	.L23:
 217 02e8 00000000 		.word	.LC0
 218 02ec 19000000 		.word	.LC1
 220              		.ident	"GCC: (GNU) 4.3.2"
DEFINED SYMBOLS
                            *ABS*:00000000 read_id3.c
/cygdrive/c/Users/User/AppData/Local/Temp/cckQVWvb.s:11     .text:00000000 read_ID3_info
/cygdrive/c/Users/User/AppData/Local/Temp/cckQVWvb.s:14     .text:00000000 $a
/cygdrive/c/Users/User/AppData/Local/Temp/cckQVWvb.s:217    .text:000002e8 $d

UNDEFINED SYMBOLS
memcpy
f_lseek
f_read
strncmp
memset
